2020/04/14 16:19:41 - INFO - 28 - visit: Status:200,OK
2020/04/14 16:19:41 - INFO - 44 - visit: https://www.xiatianip.com/:OK
2020/04/14 16:19:46 - INFO - 28 - visit: Status:200,OK
2020/04/14 16:19:46 - INFO - 44 - visit: https://www.xiatianip.com/:OK
2020/04/14 16:20:14 - INFO - 28 - visit: Status:200,OK
2020/04/14 16:20:14 - INFO - 44 - visit: https://www.xiatianip.com/:OK
2020/04/14 16:20:33 - INFO - 50 - monitor: monitro start
2020/04/14 16:20:34 - INFO - 28 - visit: Status:200,OK
2020/04/14 16:20:34 - INFO - 44 - visit: http://www.baidu.com:OK
2020/04/14 16:20:34 - INFO - 80 - monitor: URL:http://www.baidu.com, 返回码:200, 匹配结果:True, 耗时:821
2020/04/14 16:20:34 - INFO - 115 - monitor: uid:42,status:1001
2020/04/14 16:21:35 - INFO - 28 - visit: Status:200,OK
2020/04/14 16:21:35 - INFO - 44 - visit: http://www.baidu.com:OK
2020/04/14 16:21:35 - INFO - 80 - monitor: URL:http://www.baidu.com, 返回码:200, 匹配结果:True, 耗时:567
2020/04/14 16:21:35 - INFO - 115 - monitor: uid:42,status:1001
2020/04/14 16:22:51 - INFO - 50 - monitor: monitro start
2020/04/14 16:22:52 - INFO - 28 - visit: Status:200,OK
2020/04/14 16:22:52 - INFO - 44 - visit: http://www.baidu.com:OK
2020/04/14 16:22:52 - INFO - 80 - monitor: URL:http://www.baidu.com, 返回码:200, 匹配结果:False, 耗时:1114
2020/04/14 16:22:52 - INFO - 115 - monitor: uid:42,status:1021
2020/04/14 16:22:52 - INFO - 144 - monitor: send email:True
ok
website visit exception:testste
['admin@1.com']
status:1021
url:http://www.baidu.com
message:
code ok.can't find keyword!time ok.
2020/04/14 16:22:52 - ERROR - 40 - visit: fasdfas:URL vlaue error:unknown url type: 'fasdfas'
2020/04/14 16:22:52 - INFO - 80 - monitor: URL:fasdfas, 返回码:0, 匹配结果:False, 耗时:0
2020/04/14 16:22:52 - INFO - 115 - monitor: uid:54,status:-1
